<?xml version="1.0" encoding="UTF-8"?>
<!-- Generated by org.testng.reporters.JUnitReportReporter -->
<testsuite hostname="DESKTOP-5BBIU8V" failures="0" tests="2" name="tests.TestRunner" time="64.800" errors="0" timestamp="2022-08-16T13:12:11 IST" skipped="0">
  <testcase classname="tests.TestRunner" name="runScenario" time="36.739"/>
  <system-out/>
  <testcase classname="tests.TestRunner" name="runScenario" time="28.061"/>
  <system-out/>
</testsuite> <!-- tests.TestRunner -->
